This is pdfTeX, Version 3.14159265-2.6-1.40.19 (TeX Live 2018/Arch Linux) (preloaded format=pdflatex 2018.10.27)  29 OCT 2018 12:02
entering extended mode
 restricted \write18 enabled.
 file:line:error style messages enabled.
 %&-line parsing enabled.
**/home/thelethalcode/Programming/git/Resume/main.tex
(/home/thelethalcode/Programming/git/Resume/main.tex
LaTeX2e <2018-04-01> patch level 5
(/usr/share/texmf-dist/tex/latex/extsizes/extarticle.cls
Document Class: extarticle 1996/10/08 v1.0 Non Standard LaTeX document class
(/usr/share/texmf-dist/tex/latex/base/size10.clo
File: size10.clo 2014/09/29 v1.4h Standard LaTeX file (size option)
) (/usr/share/texmf-dist/tex/latex/base/exscale.sty
Package: exscale 2014/09/29 v2.1h Standard LaTeX package exscale
LaTeX Font Info:    Redeclaring symbol font `largesymbols' on input line 57.
LaTeX Font Info:    Overwriting symbol font `largesymbols' in version `normal'
(Font)                  OMX/cmex/m/n --> OMX/cmex/m/n on input line 57.
LaTeX Font Info:    Overwriting symbol font `largesymbols' in version `bold'
(Font)                  OMX/cmex/m/n --> OMX/cmex/m/n on input line 57.
\big@size=\dimen102
)
\c@part=\count80
\c@section=\count81
\c@subsection=\count82
\c@subsubsection=\count83
\c@paragraph=\count84
\c@subparagraph=\count85
\c@figure=\count86
\c@table=\count87
\abovecaptionskip=\skip41
\belowcaptionskip=\skip42
\bibindent=\dimen103
) (/usr/share/texmf-dist/tex/latex/fontspec/fontspec.sty (/usr/share/texmf-dist/tex/latex/l3packages/xparse/xparse.sty (/usr/share/texmf-dist/tex/latex/l3kernel/expl3.sty
Package: expl3 2018-08-23 L3 programming layer (loader) 
 (/usr/share/texmf-dist/tex/latex/l3kernel/expl3-code.tex
Package: expl3 2018-08-23 L3 programming layer (code)
\c_max_int=\count88
\l_tmpa_int=\count89
\l_tmpb_int=\count90
\g_tmpa_int=\count91
\g_tmpb_int=\count92
\g__kernel_prg_map_int=\count93
\c_log_iow=\count94
\l_iow_line_count_int=\count95
\l__iow_line_target_int=\count96
\l__iow_one_indent_int=\count97
\l__iow_indent_int=\count98
\c_zero_dim=\dimen104
\c_max_dim=\dimen105
\l_tmpa_dim=\dimen106
\l_tmpb_dim=\dimen107
\g_tmpa_dim=\dimen108
\g_tmpb_dim=\dimen109
\c_zero_skip=\skip43
\c_max_skip=\skip44
\l_tmpa_skip=\skip45
\l_tmpb_skip=\skip46
\g_tmpa_skip=\skip47
\g_tmpb_skip=\skip48
\c_zero_muskip=\muskip10
\c_max_muskip=\muskip11
\l_tmpa_muskip=\muskip12
\l_tmpb_muskip=\muskip13
\g_tmpa_muskip=\muskip14
\g_tmpb_muskip=\muskip15
\l_keys_choice_int=\count99
\l__intarray_loop_int=\count100
\c__intarray_sp_dim=\dimen110
\g__intarray_font_int=\count101
\c__fp_leading_shift_int=\count102
\c__fp_middle_shift_int=\count103
\c__fp_trailing_shift_int=\count104
\c__fp_big_leading_shift_int=\count105
\c__fp_big_middle_shift_int=\count106
\c__fp_big_trailing_shift_int=\count107
\c__fp_Bigg_leading_shift_int=\count108
\c__fp_Bigg_middle_shift_int=\count109
\c__fp_Bigg_trailing_shift_int=\count110
\c__kernel_randint_max_int=\count111
\g__fp_array_int=\count112
\l__fp_array_loop_int=\count113
\l__sort_length_int=\count114
\l__sort_min_int=\count115
\l__sort_top_int=\count116
\l__sort_max_int=\count117
\l__sort_true_max_int=\count118
\l__sort_block_int=\count119
\l__sort_begin_int=\count120
\l__sort_end_int=\count121
\l__sort_A_int=\count122
\l__sort_B_int=\count123
\l__sort_C_int=\count124
\l__tl_analysis_normal_int=\count125
\l__tl_analysis_index_int=\count126
\l__tl_analysis_nesting_int=\count127
\l__tl_analysis_type_int=\count128
\l__regex_internal_a_int=\count129
\l__regex_internal_b_int=\count130
\l__regex_internal_c_int=\count131
\l__regex_balance_int=\count132
\l__regex_group_level_int=\count133
\l__regex_mode_int=\count134
\c__regex_cs_in_class_mode_int=\count135
\c__regex_cs_mode_int=\count136
\l__regex_catcodes_int=\count137
\l__regex_default_catcodes_int=\count138
\c__regex_catcode_D_int=\count139
\c__regex_catcode_S_int=\count140
\c__regex_catcode_L_int=\count141
\c__regex_catcode_O_int=\count142
\c__regex_catcode_A_int=\count143
\c__regex_all_catcodes_int=\count144
\l__regex_show_lines_int=\count145
\l__regex_min_state_int=\count146
\l__regex_max_state_int=\count147
\l__regex_left_state_int=\count148
\l__regex_right_state_int=\count149
\l__regex_capturing_group_int=\count150
\l__regex_min_pos_int=\count151
\l__regex_max_pos_int=\count152
\l__regex_curr_pos_int=\count153
\l__regex_start_pos_int=\count154
\l__regex_success_pos_int=\count155
\l__regex_curr_char_int=\count156
\l__regex_curr_catcode_int=\count157
\l__regex_last_char_int=\count158
\l__regex_case_changed_char_int=\count159
\l__regex_curr_state_int=\count160
\l__regex_step_int=\count161
\l__regex_min_active_int=\count162
\l__regex_max_active_int=\count163
\l__regex_replacement_csnames_int=\count164
\l__regex_match_count_int=\count165
\l__regex_min_submatch_int=\count166
\l__regex_submatch_int=\count167
\l__regex_zeroth_submatch_int=\count168
\g__regex_trace_regex_int=\count169
\c_empty_box=\box26
\l_tmpa_box=\box27
\l_tmpb_box=\box28
\g_tmpa_box=\box29
\g_tmpb_box=\box30
\l__box_top_dim=\dimen111
\l__box_bottom_dim=\dimen112
\l__box_left_dim=\dimen113
\l__box_right_dim=\dimen114
\l__box_top_new_dim=\dimen115
\l__box_bottom_new_dim=\dimen116
\l__box_left_new_dim=\dimen117
\l__box_right_new_dim=\dimen118
\l__box_internal_box=\box31
\l__coffin_internal_box=\box32
\l__coffin_internal_dim=\dimen119
\l__coffin_offset_x_dim=\dimen120
\l__coffin_offset_y_dim=\dimen121
\l__coffin_x_dim=\dimen122
\l__coffin_y_dim=\dimen123
\l__coffin_x_prime_dim=\dimen124
\l__coffin_y_prime_dim=\dimen125
\c_empty_coffin=\box33
\l__coffin_aligned_coffin=\box34
\l__coffin_aligned_internal_coffin=\box35
\l_tmpa_coffin=\box36
\l_tmpb_coffin=\box37
\l__coffin_display_coffin=\box38
\l__coffin_display_coord_coffin=\box39
\l__coffin_display_pole_coffin=\box40
\l__coffin_display_offset_dim=\dimen126
\l__coffin_display_x_dim=\dimen127
\l__coffin_display_y_dim=\dimen128
\g__file_internal_ior=\read1
\l__coffin_bounding_shift_dim=\dimen129
\l__coffin_left_corner_dim=\dimen130
\l__coffin_right_corner_dim=\dimen131
\l__coffin_bottom_corner_dim=\dimen132
\l__coffin_top_corner_dim=\dimen133
\l__coffin_scaled_total_height_dim=\dimen134
\l__coffin_scaled_width_dim=\dimen135
\l__seq_internal_a_int=\count170
\l__seq_internal_b_int=\count171
) (/usr/share/texmf-dist/tex/latex/l3kernel/l3pdfmode.def
File: l3pdfmode.def 2018-08-23 v L3 Experimental driver: PDF mode
\l__driver_color_stack_int=\count172
))
Package: xparse 2018-08-23 L3 Experimental document command parser
\l__xparse_current_arg_int=\count173
\g__xparse_grabber_int=\count174
\l__xparse_m_args_int=\count175
\l__xparse_mandatory_args_int=\count176
\l__xparse_v_nesting_int=\count177
)
Package: fontspec 2018/07/30 vv2.6h Font selection for XeLaTeX and LuaLaTeX


!!!!!!!!!!!!!!!!!!!!!!!!!!!!!!!!!!!!!!!!!!!!!!!!
!
/usr/share/texmf-dist/tex/latex/fontspec/fontspec.sty:45: Fatal fontspec error: "cannot-use-pdftex"
! 
! The fontspec package requires either XeTeX or LuaTeX.
! 
! You must change your typesetting engine to, e.g., "xelatex" or
! "lualatex"instead of "latex" or "pdflatex".
! 
! See the fontspec documentation for further information.
! 
! For immediate help type H <return>.
!...............................................  
                                                  
l.45 \msg_fatal:nn {fontspec} {cannot-use-pdftex}
                                                 
|'''''''''''''''''''''''''''''''''''''''''''''''
| This is a fatal error: LaTeX will abort.
|...............................................

 ) ) 
Here is how much of TeX's memory you used:
 9327 strings out of 492642
 183968 string characters out of 6135565
 210305 words of memory out of 5000000
 13278 multiletter control sequences out of 15000+600000
 532338 words of font info for 24 fonts, out of 8000000 for 9000
 1141 hyphenation exceptions out of 8191
 47i,1n,65p,313b,275s stack positions out of 5000i,500n,10000p,200000b,80000s

No pages of output.
PDF statistics:
 0 PDF objects out of 1000 (max. 8388607)
 0 named destinations out of 1000 (max. 500000)
 1 words of extra memory for PDF output out of 10000 (max. 10000000)

